Log: Log file open, 02/16/25 18:53:28
Init: Version: 4645
Init: Epic Internal: 0
Init: Compiled: Feb 16 2025 18:47:17
Init: Changelist: 297571
Init: Command line: editor -log 
Init: Base directory: I:\UnrealEngine3-gears2\Binaries\
Init: Character set: Unicode
Log: GConfig::LoadFile associated file:  ..\BmGame\Config\BmEditor.ini
Log: GConfig::LoadFile associated file:  ..\BmGame\Config\BmEditorUserSettings.ini
Log: GConfig::LoadFile associated file:  ..\BmGame\Config\BmCompat.ini
Log: GConfig::LoadFile has loaded file:  ..\BmGame\Config\BmEngine.ini
Log: GConfig::LoadFile associated file:  ..\BmGame\Config\BmGame.ini
Log: GConfig::LoadFile associated file:  ..\BmGame\Config\BmInput.ini
Log: GConfig::LoadFile associated file:  ..\BmGame\Config\BmUI.ini
Init: Computer: DESKTOP-ETK
Init: User: elitk
Init: CPU Page size=4096, Processors=12
Init: High frequency timer resolution =10.000000 MHz
Init: Memory total: Phys=4194303K Pagef=4194303K Virt=4194176K
Init: WinSock: version 1.1 (2.2), MaxSocks=32767, MaxUdp=65467
DevStats: GSecondsPerCycle 1.000000e-007
Init: Presizing for 0 objects not considered by GC, pre-allocating 0 bytes.
Init: WinSock: I am DESKTOP-ETK (172.25.224.1:0)
Init: Object subsystem initialized
DevSave: (System) 'Default__System' loading configuration from ..\BmGame\Config\BmEngine.ini
DevSave:    Loading value for SeekFreePCPaths from [Core.System]
DevSave:    Loading value for SeekFreePCExtensions from [Core.System]
DevSave:    Loading value for CutdownPaths from [Core.System]
DevSave:    Loading value for LocalizationPaths from [Core.System]
DevSave:    Loading value for TextureFileCacheExtension from [Core.System]
DevSave:    Loading value for Extensions from [Core.System]
DevSave:    Loading value for Suppress from [Core.System]
DevSave:    Loading value for FRScriptPaths from [Core.System]
DevSave:    Loading value for ScriptPaths from [Core.System]
DevSave:    Loading value for Paths from [Core.System]
DevSave:    Loading value for ScreenShotPath from [Core.System]
DevSave:    Loading value for CacheExt from [Core.System]
DevSave:    Loading value for CachePath from [Core.System]
DevSave:    Loading value for SavePath from [Core.System]
DevSave:    Loading value for AsyncIOBandwidthLimit from [Core.System]
DevSave:    Loading value for PackageSizeSoftLimit from [Core.System]
DevSave:    Loading value for MaxOverallCacheSize from [Core.System]
DevSave:    Loading value for MaxStaleCacheSize from [Core.System]
DevSave:    Loading value for StaleCacheDays from [Core.System]
DevDataBase: Connection to "Provider=sqloledb;Data Source=DB-02;Initial Catalog=EngineTaskPerf;Trusted_Connection=Yes" or "10.1.10.83" failed
DevDataBase: Connection to "Provider=sqloledb;Data Source=DEVDB-01;Initial Catalog=PerfMem;Trusted_Connection=Yes" or "10.1.10.83" failed
Log: FDebugServer::Init(): Port Collision: Changed traffic port to 13502
Log: Initializing FaceFX...
Log: FaceFX initialized:
Log:     version : 1.7.2
Log:     licensee: Unreal Engine 3 Licensee
Log:     project : Unreal Engine 3 Project
Log: Executing Class Editor.MakeCommandlet
Critical: appError called: Assertion failed: GConfig->GetString( TEXT("ModPackages"), TEXT("ModPackagesInPath"), ModPackagesInPath, ModIni ) [File:I:\UnrealEngine3-gears2\Development\Src\Editor\Src\UMakeCommandlet.cpp] [Line: 2632]

Stack: UMakeCommandlet::Main() 0x230e34f  + 165 bytes [File=i:\unrealengine3-gears2\development\src\editor\src\umakecommandlet.cpp:2632] [in I:\UnrealEngine3-gears2\Binaries\Debug-BmGame.exe]
FEngineLoop::PreInit() 0x2d04a86  + 52 bytes [File=i:\unrealengine3-gears2\development\src\launch\src\launchengineloop.cpp:2109] [in I:\UnrealEngine3-gears2\Binaries\Debug-BmGame.exe]
GuardedMain() 0x2cfc51e  + 14 bytes [File=i:\unrealengine3-gears2\development\src\launch\src\launch.cpp:154] [in I:\UnrealEngine3-gears2\Binaries\Debug-BmGame.exe]
WinMain() 0x2cfc21a  + 21 bytes [File=i:\unrealengine3-gears2\development\src\launch\src\launch.cpp:308] [in I:\UnrealEngine3-gears2\Binaries\Debug-BmGame.exe]
__tmainCRTStartup() 0x2e54d96  + 53 bytes [File=f:\dd\vctools\crt_bld\self_x86\crt\src\crtexe.c:589] [in I:\UnrealEngine3-gears2\Binaries\Debug-BmGame.exe]
WinMainCRTStartup() 0x2e54b0d  + 0 bytes [File=f:\dd\vctools\crt_bld\self_x86\crt\src\crtexe.c:414] [in I:\UnrealEngine3-gears2\Binaries\Debug-BmGame.exe]
BaseThreadInitThunk() Address = 0x75017ba9 (filename not found) [in C:\Windows\System32\KERNEL32.DLL]
RtlInitializeExceptionChain() Address = 0x76fdc28b (filename not found) [in C:\Windows\SYSTEM32\ntdll.dll]
RtlClearBits() Address = 0x76fdc20f (filename not found) [in C:\Windows\SYSTEM32\ntdll.dll]

Critical: Windows GetLastError: The operation completed successfully. (0)
Log: === Critical error: ===
Assertion failed: GConfig->GetString( TEXT("ModPackages"), TEXT("ModPackagesInPath"), ModPackagesInPath, ModIni ) [File:I:\UnrealEngine3-gears2\Development\Src\Editor\Src\UMakeCommandlet.cpp] [Line: 2632]

Stack: UMakeCommandlet::Main() 0x230e34f  + 165 bytes [File=i:\unrealengine3-gears2\development\src\editor\src\umakecommandlet.cpp:2632] [in I:\UnrealEngine3-gears2\Binaries\Debug-BmGame.exe]
FEngineLoop::PreInit() 0x2d04a86  + 52 bytes [File=i:\unrealengine3-gears2\development\src\launch\src\launchengineloop.cpp:2109] [in I:\UnrealEngine3-gears2\Binaries\Debug-BmGame.exe]
GuardedMain() 0x2cfc51e  + 14 bytes [File=i:\unrealengine3-gears2\development\src\launch\src\launch.cpp:154] [in I:\UnrealEngine3-gears2\Binaries\Debug-BmGame.exe]
WinMain() 0x2cfc21a  + 21 bytes [File=i:\unrealengine3-gears2\development\src\launch\src\launch.cpp:308] [in I:\UnrealEngine3-gears2\Binaries\Debug-BmGame.exe]
__tmainCRTStartup() 0x2e54d96  + 53 bytes [File=f:\dd\vctools\crt_bld\self_x86\crt\src\crtexe.c:589] [in I:\UnrealEngine3-gears2\Binaries\Debug-BmGame.exe]
WinMainCRTStartup() 0x2e54b0d  + 0 bytes [File=f:\dd\vctools\crt_bld\self_x86\crt\src\crtexe.c:414] [in I:\UnrealEngine3-gears2\Binaries\Debug-BmGame.exe]
BaseThreadInitThunk() Address = 0x75017ba9 (filename not found) [in C:\Windows\System32\KERNEL32.DLL]
RtlInitializeExceptionChain() Address = 0x76fdc28b (filename not found) [in C:\Windows\SYSTEM32\ntdll.dll]
RtlClearBits() Address = 0x76fdc20f (filename not found) [in C:\Windows\SYSTEM32\ntdll.dll]



