Log: Log file open, 02/16/25 18:54:51
Init: Version: 4645
Init: Epic Internal: 0
Init: Compiled: Feb 16 2025 18:47:17
Init: Changelist: 297571
Init: Command line: editor -log 
Init: Base directory: I:\UnrealEngine3-gears2\Binaries\
Init: Character set: Unicode
Log: GConfig::LoadFile has loaded file:  ..\BmGame\Config\BmEditor.ini
Log: GConfig::LoadFile has loaded file:  ..\BmGame\Config\BmEditorUserSettings.ini
Log: GConfig::LoadFile has loaded file:  ..\BmGame\Config\BmCompat.ini
Log: GConfig::LoadFile has loaded file:  ..\BmGame\Config\BmEngine.ini
Log: GConfig::LoadFile has loaded file:  ..\BmGame\Config\BmGame.ini
Log: GConfig::LoadFile has loaded file:  ..\BmGame\Config\BmInput.ini
Log: GConfig::LoadFile has loaded file:  ..\BmGame\Config\BmUI.ini
Init: Computer: DESKTOP-ETK
Init: User: elitk
Init: CPU Page size=4096, Processors=12
Init: High frequency timer resolution =10.000000 MHz
Init: Memory total: Phys=4194303K Pagef=4194303K Virt=4194176K
Init: WinSock: version 1.1 (2.2), MaxSocks=32767, MaxUdp=65467
DevStats: GSecondsPerCycle 1.000000e-007
Init: WinSock: I am DESKTOP-ETK (172.25.224.1:0)
Init: Presizing for 0 objects not considered by GC, pre-allocating 0 bytes.
Init: Object subsystem initialized
DevSave: (System) 'Default__System' loading configuration from ..\BmGame\Config\BmEngine.ini
DevSave:    Loading value for SeekFreePCPaths from [Core.System]
DevSave:    Loading value for SeekFreePCExtensions from [Core.System]
DevSave:    Loading value for CutdownPaths from [Core.System]
DevSave:    Loading value for LocalizationPaths from [Core.System]
DevSave:    Loading value for TextureFileCacheExtension from [Core.System]
DevSave:    Loading value for Extensions from [Core.System]
DevSave:    Loading value for Suppress from [Core.System]
DevSave:    Loading value for FRScriptPaths from [Core.System]
DevSave:    Loading value for ScriptPaths from [Core.System]
DevSave:    Loading value for Paths from [Core.System]
DevSave:    Loading value for ScreenShotPath from [Core.System]
DevSave:    Loading value for CacheExt from [Core.System]
DevSave:    Loading value for CachePath from [Core.System]
DevSave:    Loading value for SavePath from [Core.System]
DevSave:    Loading value for AsyncIOBandwidthLimit from [Core.System]
DevSave:    Loading value for PackageSizeSoftLimit from [Core.System]
DevSave:    Loading value for MaxOverallCacheSize from [Core.System]
DevSave:    Loading value for MaxStaleCacheSize from [Core.System]
DevSave:    Loading value for StaleCacheDays from [Core.System]
DevDataBase: Connection to "Provider=sqloledb;Data Source=DB-02;Initial Catalog=EngineTaskPerf;Trusted_Connection=Yes" or "10.1.10.83" failed
DevDataBase: Connection to "Provider=sqloledb;Data Source=DEVDB-01;Initial Catalog=PerfMem;Trusted_Connection=Yes" or "10.1.10.83" failed
Log: FDebugServer::Init(): Port Collision: Changed traffic port to 13502
Log: Initializing FaceFX...
Log: FaceFX initialized:
Log:     version : 1.7.2
Log:     licensee: Unreal Engine 3 Licensee
Log:     project : Unreal Engine 3 Project
Log: GConfig::Find has loaded file:  ..\Engine\Localization\int\UnrealEd.int
Log: CreateProc UE3ShaderCompileWorker.exe ..\Engine\Shaders\WorkingDirectory\2608\0 2608 0
Log: GConfig::Find has loaded file:  ..\Engine\Localization\int\Core.int
Log: GConfig::Find has loaded file:  ..\Engine\Localization\int\Engine.int
Log: GConfig::LoadFile associated file:  ..\BmGame\Config\BmPlaylist.ini
Log: Missing cached shader map for material FogVolumeMaterial
Log: CreateProc UE3ShaderCompileWorker.exe ..\Engine\Shaders\WorkingDirectory\2608\8 2608 8
Log: CreateProc UE3ShaderCompileWorker.exe ..\Engine\Shaders\WorkingDirectory\2608\9 2608 9
Log: CreateProc UE3ShaderCompileWorker.exe ..\Engine\Shaders\WorkingDirectory\2608\3 2608 3
Log: CreateProc UE3ShaderCompileWorker.exe ..\Engine\Shaders\WorkingDirectory\2608\4 2608 4
Log: CreateProc UE3ShaderCompileWorker.exe ..\Engine\Shaders\WorkingDirectory\2608\10 2608 10
Log: CreateProc UE3ShaderCompileWorker.exe ..\Engine\Shaders\WorkingDirectory\2608\6 2608 6
Log: CreateProc UE3ShaderCompileWorker.exe ..\Engine\Shaders\WorkingDirectory\2608\5 2608 5
Log: CreateProc UE3ShaderCompileWorker.exe ..\Engine\Shaders\WorkingDirectory\2608\2 2608 2
Log: CreateProc UE3ShaderCompileWorker.exe ..\Engine\Shaders\WorkingDirectory\2608\7 2608 7
Log: CreateProc UE3ShaderCompileWorker.exe ..\Engine\Shaders\WorkingDirectory\2608\1 2608 1
Log: Missing cached shader map for material NodeBuddy_Text2
Log: Missing cached shader map for material NodeBuddy_Red1
Log: Missing cached shader map for material NodeBuddy_Target
Log: Missing cached shader map for material NodeBuddy_Text1
Log: Missing cached shader map for material NodeBuddy_White1
Log: Missing cached shader map for material DefaultMaterial
Log: GConfig::LoadFile has loaded file:  ..\BmGame\Config\BmEditorKeyBindings.ini
Log: Missing cached shader map for material ThumbnailBack
Log: Missing cached shader map for material ThumbnailSolid
Log: GConfig::Find has loaded file:  ..\Engine\Localization\int\UnrealScriptTest.int
Log: Missing cached shader map for material BlackUnlitMaterial
Log: Missing cached shader map for material BlinkingCaret
Log: Missing cached shader map for material CubeMaterial
Log: Missing cached shader map for material DefaultDecalMaterial
Log: Missing cached shader map for material DefaultParticle
Log: Missing cached shader map for material EditorBrushMaterial
Log: Missing cached shader map for material EmissiveTexturedMaterial
Log: Missing cached shader map for material GeomMaterial
Log: Missing cached shader map for material LevelColorationLitMaterial
Log: Missing cached shader map for material LevelColorationUnlitMaterial
Log: Missing cached shader map for material MaterialError_Mat
Log: Missing cached shader map for material PPVolumeMaterial
Warning: Failed to compile Material EngineMaterials.PPVolumeMaterial for platform PC-D3D-SM3, Default Material will be used in game.
Log: Missing cached shader map for material RemoveSurfaceMaterial
Log: Missing cached shader map for material ScreenMaterial
Log: Missing cached shader map for material ShadedLevelColorationLitMaterial
Log: Missing cached shader map for material ShadedLevelColorationUnlitMaterial
Log: Missing cached shader map for material TerrainCollisionMaterial
Log: Missing cached shader map for material VertexColorMaterial
Log: Missing cached shader map for material WireframeMaterial
Log: Failed to load 'SoundModes': Can't find file 'SoundModes'
Log: 37198 objects as part of root set at end of initial load.
Log: 0 out of 0 bytes used by permanent object pool.
Log: Supported Consoles:
Log:   PC
Log:   Xenon
Log: Initializing Engine...
Log: Missing cached shader map for material Tick_Mat
Log: Missing cached shader map for material Cross_Mat
Log: GConfig::Find has loaded file:  ..\Engine\Localization\int\Editor.int
Log: Encountered missing default brush - spawning new one
Log: Can't find edit package 'BmGameContent'
Warning: Can't find 'intUOnlineEventsInterfaceMcpLiveexecUploadHardwareData' in 'OnlineSubsystemLive.lib'
Warning: Can't find 'intUOnlineEventsInterfaceMcpLiveexecUploadMatchmakingSearchData' in 'OnlineSubsystemLive.lib'
Warning: Can't find 'intUOnlineEventsInterfaceMcpLiveexecUploadMatchmakingSessionData' in 'OnlineSubsystemLive.lib'
Warning: Can't find 'intUOnlineSubsystemLiveexecInit' in 'OnlineSubsystemLive.lib'
Warning: Can't find 'intUOnlineSubsystemLiveexecExit' in 'OnlineSubsystemLive.lib'
Warning: Can't find 'intUOnlineSubsystemLiveexecShowLoginUI' in 'OnlineSubsystemLive.lib'
Warning: Can't find 'intUOnlineSubsystemLiveexecLogin' in 'OnlineSubsystemLive.lib'
Warning: Can't find 'intUOnlineSubsystemLiveexecAutoLogin' in 'OnlineSubsystemLive.lib'
Warning: Can't find 'intUOnlineSubsystemLiveexecLogout' in 'OnlineSubsystemLive.lib'
Warning: Can't find 'intUOnlineSubsystemLiveexecGetLoginStatus' in 'OnlineSubsystemLive.lib'
Warning: Can't find 'intUOnlineSubsystemLiveexecIsGuestLogin' in 'OnlineSubsystemLive.lib'
Warning: Can't find 'intUOnlineSubsystemLiveexecIsLocalLogin' in 'OnlineSubsystemLive.lib'
Warning: Can't find 'intUOnlineSubsystemLiveexecGetUniquePlayerId' in 'OnlineSubsystemLive.lib'
Warning: Can't find 'intUOnlineSubsystemLiveexecGetPlayerNickname' in 'OnlineSubsystemLive.lib'
Warning: Can't find 'intUOnlineSubsystemLiveexecCanPlayOnline' in 'OnlineSubsystemLive.lib'
Warning: Can't find 'intUOnlineSubsystemLiveexecCanCommunicate' in 'OnlineSubsystemLive.lib'
Warning: Can't find 'intUOnlineSubsystemLiveexecCanDownloadUserContent' in 'OnlineSubsystemLive.lib'
Warning: Can't find 'intUOnlineSubsystemLiveexecCanPurchaseContent' in 'OnlineSubsystemLive.lib'
Warning: Can't find 'intUOnlineSubsystemLiveexecCanViewPlayerProfiles' in 'OnlineSubsystemLive.lib'
Warning: Can't find 'intUOnlineSubsystemLiveexecCanShowPresenceInformation' in 'OnlineSubsystemLive.lib'
Warning: Can't find 'intUOnlineSubsystemLiveexecIsFriend' in 'OnlineSubsystemLive.lib'
Warning: Can't find 'intUOnlineSubsystemLiveexecAreAnyFriends' in 'OnlineSubsystemLive.lib'
Warning: Can't find 'intUOnlineSubsystemLiveexecIsMuted' in 'OnlineSubsystemLive.lib'
Warning: Can't find 'intUOnlineSubsystemLiveexecShowFriendsUI' in 'OnlineSubsystemLive.lib'
Warning: Can't find 'intUOnlineSubsystemLiveexecShowFriendsInviteUI' in 'OnlineSubsystemLive.lib'
Warning: Can't find 'intUOnlineSubsystemLiveexecShowFeedbackUI' in 'OnlineSubsystemLive.lib'
Warning: Can't find 'intUOnlineSubsystemLiveexecShowGamerCardUI' in 'OnlineSubsystemLive.lib'
Warning: Can't find 'intUOnlineSubsystemLiveexecShowMessagesUI' in 'OnlineSubsystemLive.lib'
Warning: Can't find 'intUOnlineSubsystemLiveexecShowAchievementsUI' in 'OnlineSubsystemLive.lib'
Warning: Can't find 'intUOnlineSubsystemLiveexecShowGuideUI' in 'OnlineSubsystemLive.lib'
Warning: Can't find 'intUOnlineSubsystemLiveexecShowPlayersUI' in 'OnlineSubsystemLive.lib'
Warning: Can't find 'intUOnlineSubsystemLiveexecShowKeyboardUI' in 'OnlineSubsystemLive.lib'
Warning: Can't find 'intUOnlineSubsystemLiveexecHasLinkConnection' in 'OnlineSubsystemLive.lib'
Warning: Can't find 'intUOnlineSubsystemLiveexecSetNetworkNotificationPosition' in 'OnlineSubsystemLive.lib'
Warning: Can't find 'intUOnlineSubsystemLiveexecIsControllerConnected' in 'OnlineSubsystemLive.lib'
Warning: Can't find 'intUOnlineSubsystemLiveexecGetNATType' in 'OnlineSubsystemLive.lib'
Warning: Can't find 'intUOnlineSubsystemLiveexecReadTitleFile' in 'OnlineSubsystemLive.lib'
Warning: Can't find 'intUOnlineSubsystemLiveexecGetTitleFileContents' in 'OnlineSubsystemLive.lib'
Warning: Can't find 'intUOnlineSubsystemLiveexecCreateOnlineGame' in 'OnlineSubsystemLive.lib'
Warning: Can't find 'intUOnlineSubsystemLiveexecUpdateOnlineGame' in 'OnlineSubsystemLive.lib'
Warning: Can't find 'intUOnlineSubsystemLiveexecDestroyOnlineGame' in 'OnlineSubsystemLive.lib'
Warning: Can't find 'intUOnlineSubsystemLiveexecFindOnlineGames' in 'OnlineSubsystemLive.lib'
Warning: Can't find 'intUOnlineSubsystemLiveexecCancelFindOnlineGames' in 'OnlineSubsystemLive.lib'
Warning: Can't find 'intUOnlineSubsystemLiveexecReadPlatformSpecificSessionInfo' in 'OnlineSubsystemLive.lib'
Warning: Can't find 'intUOnlineSubsystemLiveexecReadPlatformSpecificSessionInfoBySessionName' in 'OnlineSubsystemLive.lib'
Warning: Can't find 'intUOnlineSubsystemLiveexecBindPlatformSpecificSessionToSearch' in 'OnlineSubsystemLive.lib'
Warning: Can't find 'intUOnlineSubsystemLiveexecFreeSearchResults' in 'OnlineSubsystemLive.lib'
Warning: Can't find 'intUOnlineSubsystemLiveexecJoinOnlineGame' in 'OnlineSubsystemLive.lib'
Warning: Can't find 'intUOnlineSubsystemLiveexecGetResolvedConnectString' in 'OnlineSubsystemLive.lib'
Warning: Can't find 'intUOnlineSubsystemLiveexecRegisterPlayer' in 'OnlineSubsystemLive.lib'
Warning: Can't find 'intUOnlineSubsystemLiveexecUnregisterPlayer' in 'OnlineSubsystemLive.lib'
Warning: Can't find 'intUOnlineSubsystemLiveexecRecalculateSkillRating' in 'OnlineSubsystemLive.lib'
Warning: Can't find 'intUOnlineSubsystemLiveexecReadProfileSettings' in 'OnlineSubsystemLive.lib'
Warning: Can't find 'intUOnlineSubsystemLiveexecWriteProfileSettings' in 'OnlineSubsystemLive.lib'
Warning: Can't find 'intUOnlineSubsystemLiveexecSetOnlineStatus' in 'OnlineSubsystemLive.lib'
Warning: Can't find 'intUOnlineSubsystemLiveexecShowInviteUI' in 'OnlineSubsystemLive.lib'
Warning: Can't find 'intUOnlineSubsystemLiveexecShowContentMarketplaceUI' in 'OnlineSubsystemLive.lib'
Warning: Can't find 'intUOnlineSubsystemLiveexecShowMembershipMarketplaceUI' in 'OnlineSubsystemLive.lib'
Warning: Can't find 'intUOnlineSubsystemLiveexecShowDeviceSelectionUI' in 'OnlineSubsystemLive.lib'
Warning: Can't find 'intUOnlineSubsystemLiveexecGetDeviceSelectionResults' in 'OnlineSubsystemLive.lib'
Warning: Can't find 'intUOnlineSubsystemLiveexecIsDeviceValid' in 'OnlineSubsystemLive.lib'
Warning: Can't find 'intUOnlineSubsystemLiveexecUnlockAchievement' in 'OnlineSubsystemLive.lib'
Warning: Can't find 'intUOnlineSubsystemLiveexecUnlockGamerPicture' in 'OnlineSubsystemLive.lib'
Warning: Can't find 'intUOnlineSubsystemLiveexecStartOnlineGame' in 'OnlineSubsystemLive.lib'
Warning: Can't find 'intUOnlineSubsystemLiveexecEndOnlineGame' in 'OnlineSubsystemLive.lib'
Warning: Can't find 'intUOnlineSubsystemLiveexecRegisterForArbitration' in 'OnlineSubsystemLive.lib'
Warning: Can't find 'intUOnlineSubsystemLiveexecAcceptGameInvite' in 'OnlineSubsystemLive.lib'
Warning: Can't find 'intUOnlineSubsystemLiveexecReadFriendsList' in 'OnlineSubsystemLive.lib'
Warning: Can't find 'intUOnlineSubsystemLiveexecGetFriendsList' in 'OnlineSubsystemLive.lib'
Warning: Can't find 'intUOnlineSubsystemLiveexecReadContentList' in 'OnlineSubsystemLive.lib'
Warning: Can't find 'intUOnlineSubsystemLiveexecGetContentList' in 'OnlineSubsystemLive.lib'
Warning: Can't find 'intUOnlineSubsystemLiveexecQueryAvailableDownloads' in 'OnlineSubsystemLive.lib'
Warning: Can't find 'intUOnlineSubsystemLiveexecRegisterLocalTalker' in 'OnlineSubsystemLive.lib'
Warning: Can't find 'intUOnlineSubsystemLiveexecUnregisterLocalTalker' in 'OnlineSubsystemLive.lib'
Warning: Can't find 'intUOnlineSubsystemLiveexecRegisterRemoteTalker' in 'OnlineSubsystemLive.lib'
Warning: Can't find 'intUOnlineSubsystemLiveexecUnregisterRemoteTalker' in 'OnlineSubsystemLive.lib'
Warning: Can't find 'intUOnlineSubsystemLiveexecIsLocalPlayerTalking' in 'OnlineSubsystemLive.lib'
Warning: Can't find 'intUOnlineSubsystemLiveexecIsRemotePlayerTalking' in 'OnlineSubsystemLive.lib'
Warning: Can't find 'intUOnlineSubsystemLiveexecIsHeadsetPresent' in 'OnlineSubsystemLive.lib'
Warning: Can't find 'intUOnlineSubsystemLiveexecSetRemoteTalkerPriority' in 'OnlineSubsystemLive.lib'
Warning: Can't find 'intUOnlineSubsystemLiveexecMuteRemoteTalker' in 'OnlineSubsystemLive.lib'
Warning: Can't find 'intUOnlineSubsystemLiveexecUnmuteRemoteTalker' in 'OnlineSubsystemLive.lib'
Warning: Can't find 'intUOnlineSubsystemLiveexecStartNetworkedVoice' in 'OnlineSubsystemLive.lib'
Warning: Can't find 'intUOnlineSubsystemLiveexecStopNetworkedVoice' in 'OnlineSubsystemLive.lib'
Warning: Can't find 'intUOnlineSubsystemLiveexecStartSpeechRecognition' in 'OnlineSubsystemLive.lib'
Warning: Can't find 'intUOnlineSubsystemLiveexecStopSpeechRecognition' in 'OnlineSubsystemLive.lib'
Warning: Can't find 'intUOnlineSubsystemLiveexecGetRecognitionResults' in 'OnlineSubsystemLive.lib'
Warning: Can't find 'intUOnlineSubsystemLiveexecSelectVocabulary' in 'OnlineSubsystemLive.lib'
Warning: Can't find 'intUOnlineSubsystemLiveexecSetSpeechRecognitionObject' in 'OnlineSubsystemLive.lib'
Warning: Can't find 'intUOnlineSubsystemLiveexecReadOnlineStats' in 'OnlineSubsystemLive.lib'
Warning: Can't find 'intUOnlineSubsystemLiveexecReadOnlineStatsForFriends' in 'OnlineSubsystemLive.lib'
Warning: Can't find 'intUOnlineSubsystemLiveexecReadOnlineStatsByRank' in 'OnlineSubsystemLive.lib'
Warning: Can't find 'intUOnlineSubsystemLiveexecReadOnlineStatsByRankAroundPlayer' in 'OnlineSubsystemLive.lib'
Warning: Can't find 'intUOnlineSubsystemLiveexecFreeStats' in 'OnlineSubsystemLive.lib'
Warning: Can't find 'intUOnlineSubsystemLiveexecWriteOnlineStats' in 'OnlineSubsystemLive.lib'
Warning: Can't find 'intUOnlineSubsystemLiveexecFlushOnlineStats' in 'OnlineSubsystemLive.lib'
Warning: Can't find 'intUOnlineSubsystemLiveexecWriteOnlinePlayerScores' in 'OnlineSubsystemLive.lib'
Warning: Can't find 'intUOnlineSubsystemLiveexecSendMessageToFriend' in 'OnlineSubsystemLive.lib'
Warning: Can't find 'intUOnlineSubsystemLiveexecSendGameInviteToFriend' in 'OnlineSubsystemLive.lib'
Warning: Can't find 'intUOnlineSubsystemLiveexecSendGameInviteToFriends' in 'OnlineSubsystemLive.lib'
Warning: Can't find 'intUOnlineSubsystemLiveexecJoinFriendGame' in 'OnlineSubsystemLive.lib'
Warning: Can't find 'intUOnlineSubsystemLiveexecReadAchievements' in 'OnlineSubsystemLive.lib'
Warning: Can't find 'intUOnlineSubsystemLiveexecGetAchievements' in 'OnlineSubsystemLive.lib'
Warning: Can't find 'intUOnlineSubsystemLiveexecShowCustomPlayersUI' in 'OnlineSubsystemLive.lib'
Warning: Can't find 'intUOnlineSubsystemLiveexecDumpLiveSessionState' in 'OnlineSubsystemLive.lib'
Warning: Can't find 'intUOnlineSubsystemLiveexecDumpVoiceRegistration' in 'OnlineSubsystemLive.lib'
Warning: Can't find 'intUOnlineSubsystemLiveexecSetDebugSpewLevel' in 'OnlineSubsystemLive.lib'
Log: Failed to load 'SoundModes.upk': Can't find file 'SoundModes.upk'
Log: Missing cached shader map for material CASC_BackgroundCube_MAT
Log: Missing cached shader map for material CASC_CurveEd_MAT
Log: Missing cached shader map for material CASC_ModuleDisable_MAT
Log: Missing cached shader map for material CASC_ModuleEnable_MAT
Log: Missing cached shader map for material CASC_RenderCross_MAT
Log: Missing cached shader map for material CASC_RenderNone_MAT
Log: Missing cached shader map for material CASC_RenderNormal_MAT
Log: Missing cached shader map for material CASC_RenderPoint_MAT
Log: Missing cached shader map for material CheckMaterial
Log: Missing cached shader map for material CovergroupIcon_Mat
Log: Missing cached shader map for material Frac_ElementMaterial
Log: Missing cached shader map for material GridMaterial
Log: Missing cached shader map for material MAT_EnableTrack_Mat
Log: Missing cached shader map for material MAT_ColorTrack_Mat
Log: Missing cached shader map for material MAT_Groups_Anim_Mat
Log: Missing cached shader map for material MAT_Groups_AudioMaster_Mat
Log: Missing cached shader map for material MAT_Groups_Director_Mat
Log: Missing cached shader map for material MAT_Groups_Event_Mat
Log: Missing cached shader map for material MAT_Groups_Fade_Mat
Log: Missing cached shader map for material MAT_Groups_Float_Mat
Log: Missing cached shader map for material MAT_Groups_Graph_Off_Mat
Log: Missing cached shader map for material MAT_Groups_Graph_On_Mat
Log: Missing cached shader map for material MAT_Groups_Left_Off_Mat
Log: Missing cached shader map for material MAT_Groups_Left_On_Mat
Log: Missing cached shader map for material MAT_Groups_Move_Mat
Log: Missing cached shader map for material MAT_Groups_ParticleReplay_Mat
Log: Missing cached shader map for material MAT_Groups_Right_Off_Mat
Log: Missing cached shader map for material MAT_Groups_Right_On_Mat
Log: Missing cached shader map for material MAT_Groups_Slomo_Mat
Log: Missing cached shader map for material MAT_Groups_Sound_Mat
Log: Missing cached shader map for material MAT_Groups_Toggle_Mat
Log: Missing cached shader map for material MAT_Groups_Trajectory_On_Mat
Log: Missing cached shader map for material MAT_Groups_Vector_Mat
Log: Missing cached shader map for material MAT_Groups_View_Off_Mat
Log: Missing cached shader map for material MAT_Groups_View_On_Mat
Log: Missing cached shader map for material MAT_Groups_Visibility_Mat
Log: Missing cached shader map for material PhAT_BoneSelectedMaterial
Log: Missing cached shader map for material PhAT_ElemSelectedMaterial
Log: Missing cached shader map for material PhAT_JointLimitMaterial
Log: Missing cached shader map for material PhAT_NoCollisionMaterial
Log: Missing cached shader map for material PhAT_UnselectedMaterial
Log: Missing cached shader map for material TLB_AddLayer_Icon_MAT
Log: Missing cached shader map for material TLB_AddMaterial_Icon_MAT
Log: Missing cached shader map for material TLB_Closed_Alpha_MAT
Log: Missing cached shader map for material TLB_Closed_MAT
Log: Missing cached shader map for material TLB_DecoLayer_Alpha_MAT
Log: Missing cached shader map for material TLB_DecoLayer_Icon_MAT
Log: Missing cached shader map for material TLB_DecoLayer_MAT
Log: Missing cached shader map for material TLB_DecoLayer_Pressed_MAT
Log: Missing cached shader map for material TLB_Decoration_Alpha_MAT
Log: Missing cached shader map for material TLB_Decoration_Icon_MAT
Log: Missing cached shader map for material TLB_Empty_MAT
Log: Missing cached shader map for material TLB_Foliage_Alpha_MAT
Log: Missing cached shader map for material TLB_FoliageOverlay_Alpha_MAT
Log: Missing cached shader map for material TLB_FoliageOverlayLeft_Alpha_MAT
Log: Missing cached shader map for material TLB_HeightMap_Alpha_MAT
Log: Missing cached shader map for material TLB_HeightMap_MAT
Log: Missing cached shader map for material TLB_Layer_Alpha_MAT
Log: Missing cached shader map for material TLB_Lock_MAT
Log: Missing cached shader map for material TLB_Material_Alpha_MAT
Log: Missing cached shader map for material TLB_Open_Alpha_MAT
Log: Missing cached shader map for material TLB_Open_MAT
Log: Missing cached shader map for material TLB_ProceduralOverlay_Alpha_MAT
Log: Missing cached shader map for material TLB_Solid_MAT
Log: Missing cached shader map for material TLB_SolidOff_MAT
Log: Missing cached shader map for material TLB_View_MAT
Log: Missing cached shader map for material TLB_Wireframe_MAT
Log: Missing cached shader map for material TLB_WireframeOff_MAT
Log: Missing cached shader map for material LinearColorPicker_MAT
Log: Missing cached shader map for material WidgetMaterial
Log: Missing cached shader map for material WidgetMaterial_Current
Log: Missing cached shader map for material WidgetMaterial_X
Log: Missing cached shader map for material WidgetMaterial_Y
Log: Missing cached shader map for material WidgetMaterial_Z
Log: Missing cached shader map for material M_ES_Phong_Masked_Master_1sided
Log: Missing cached shader map for material M_ES_Phong_Masked_Master_2sided
Log: Missing cached shader map for material M_ES_Phong_Opaque_Liquid_Master_01
Log: Missing cached shader map for material M_ES_Phong_Opaque_Master_01
Log: Missing cached shader map for material M_ES_Phong_Translucent_Liquid_Master_01
Log: Missing cached shader map for material M_ES_Phong_Translucent_Liquid_Master_01_1sided
Log: Missing cached shader map for material M_ES_Phong_Translucent_Master_01
Log: Missing cached shader map for material M_ES_Unlit_Translucent_Liquid_Master_01
Log: Missing cached shader map for material M_Shader_Complex
Log: Missing cached shader map for material M_Shader_Medium
Log: Missing cached shader map for material M_Shader_PlanarMap
Log: Missing cached shader map for material M_Shader_Simple
Log: Missing cached shader map for material M_Shader_Simple_CustomUV
Log: Missing cached shader map for material M_Shader_SimpleMasked
Log: Missing cached shader map for material M_Shader_SimpleMaskedTwoSided
Log: Missing cached shader map for material M_Shader_SimpleTranslucent
Log: Initializing Engine Completed
Log: >>>>>>>>>>>>>> Initial startup: 41.97s <<<<<<<<<<<<<<<
Cmd: MODE MAPEXT=umap
Log: FactoryCreateBinary: Texture2D with TextureFactory (0 0 wxres\Btn_Camera.tga)
Log: FactoryCreateBinary: Texture2D with TextureFactory (0 0 wxres\Btn_Camera.tga)
Log: FactoryCreateBinary: Texture2D with TextureFactory (0 0 wxres\Btn_Geometry.tga)
Log: FactoryCreateBinary: Texture2D with TextureFactory (0 0 wxres\Btn_Geometry.tga)
Log: FactoryCreateBinary: Texture2D with TextureFactory (0 0 wxres\Btn_TerrainMode.tga)
Log: FactoryCreateBinary: Texture2D with TextureFactory (0 0 wxres\Btn_TerrainMode.tga)
Log: FactoryCreateBinary: Texture2D with TextureFactory (0 0 wxres\Btn_TextureMode.tga)
Log: FactoryCreateBinary: Texture2D with TextureFactory (0 0 wxres\Btn_TextureMode.tga)
Log: FactoryCreateBinary: Texture2D with TextureFactory (0 0 wxres\Btn_Box.tga)
Log: FactoryCreateBinary: Texture2D with TextureFactory (0 0 wxres\Btn_Cone.tga)
Log: FactoryCreateBinary: Texture2D with TextureFactory (0 0 wxres\Btn_CurvedStairs.tga)
Log: FactoryCreateBinary: Texture2D with TextureFactory (0 0 wxres\Btn_Cylinder.tga)
Log: FactoryCreateBinary: Texture2D with TextureFactory (0 0 wxres\Btn_Staircase.tga)
Log: FactoryCreateBinary: Texture2D with TextureFactory (0 0 wxres\Btn_Sheet.tga)
Log: FactoryCreateBinary: Texture2D with TextureFactory (0 0 wxres\Btn_SpiralStairs.tga)
Log: FactoryCreateBinary: Texture2D with TextureFactory (0 0 wxres\Btn_Sphere.tga)
Log: FactoryCreateBinary: Texture2D with TextureFactory (0 0 wxres\Btn_Volumetric.tga)
Log: FactoryCreateBinary: Texture2D with TextureFactory (0 0 wxres\Btn_Add.tga)
Log: FactoryCreateBinary: Texture2D with TextureFactory (0 0 wxres\Btn_Subtract.tga)
Log: FactoryCreateBinary: Texture2D with TextureFactory (0 0 wxres\Btn_Intersect.tga)
Log: FactoryCreateBinary: Texture2D with TextureFactory (0 0 wxres\Btn_Deintersect.tga)
Log: FactoryCreateBinary: Texture2D with TextureFactory (0 0 wxres\Btn_AddSpecial.tga)
Log: FactoryCreateBinary: Texture2D with TextureFactory (0 0 wxres\Btn_AddVolume.tga)
Log: FactoryCreateBinary: Texture2D with TextureFactory (0 0 wxres\Btn_ShowSelected.tga)
Log: FactoryCreateBinary: Texture2D with TextureFactory (0 0 wxres\Btn_HideSelected.tga)
Log: FactoryCreateBinary: Texture2D with TextureFactory (0 0 wxres\Btn_InvertSelection.tga)
Log: FactoryCreateBinary: Texture2D with TextureFactory (0 0 wxres\Btn_ShowAll.tga)
Log: GConfig::Find has loaded file:  ..\Engine\Localization\int\Descriptions.int
Log: GConfig::Find has loaded file:  ..\Engine\Localization\int\EditorTips.int
Log: GConfig::Find has loaded file:  ..\Engine\Localization\int\Launch.int
Log: GConfig::Find has loaded file:  ..\Engine\Localization\int\OnlineSubsystemGameSpy.int
Log: GConfig::Find has loaded file:  ..\Engine\Localization\int\Startup.int
Log: GConfig::Find has loaded file:  ..\Engine\Localization\int\WinDrv.int
Log: GConfig::Find has loaded file:  ..\Engine\Localization\int\XWindow.int
Log: Failed to load '..\BmGame\Content\LocalContentTagsIndex.upk': Can't find file '..\BmGame\Content\LocalContentTagsIndex.upk'
Log: Updating from reference content tag index...
Log: Failed to load '..\BmGame\Content\RefContentTagsIndex.upk': Can't find file '..\BmGame\Content\RefContentTagsIndex.upk'
Log: ...failed to load reference content tag index!
Log: Saving local content tag index...
Log: Save=50.614900
Log: Moving '..\BmGame\Content\Save.tmp' to '..\BmGame\Content\LocalContentTagsIndex.upk'
Log: Save=207.511400
Log: Moving '..\BmGame\Content\Save.tmp' to '..\BmGame\Content\LocalShaderCache-PC-D3D-SM3.upk'
Log: ...finished!
Log: FactoryCreateBinary: Texture2D with TextureFactory (0 0 wxres\BuildGeometry.tga)
Log: FactoryCreateBinary: Texture2D with TextureFactory (0 0 wxres\BuildLighting.tga)
Log: FactoryCreateBinary: Texture2D with TextureFactory (0 0 wxres\BuildPaths.tga)
Log: FactoryCreateBinary: Texture2D with TextureFactory (0 0 wxres\BuildCoverNodes.tga)
Log: FactoryCreateBinary: Texture2D with TextureFactory (0 0 wxres\BuildAll.tga)
Log: FactoryCreateBinary: Texture2D with TextureFactory (0 0 wxres\Play.tga)
Log: FactoryCreateBinary: Texture2D with TextureFactory (0 0 wxres\PlayPC.tga)
Log: FactoryCreateBinary: Texture2D with TextureFactory (0 0 wxres\PlayPS.tga)
Log: FactoryCreateBinary: Texture2D with TextureFactory (0 0 wxres\PlayXB.tga)
Log: FactoryCreateBinary: Texture2D with TextureFactory (0 0 wxres\PlayViewport.tga)
Log: FactoryCreateBinary: Texture2D with TextureFactory (0 0 wxres\PlayViewport.tga)
Log: FactoryCreateBinary: Texture2D with TextureFactory (0 0 wxres\PlayViewport.tga)
Log: FactoryCreateBinary: Texture2D with TextureFactory (0 0 wxres\PlayViewport.tga)
Log: GConfig::LoadFile has loaded file:  ..\Engine\Localization\int\EditorTips.int
Warning: Could not find mode: Default
Warning: Could not find mode: Default
Warning: Could not find mode: Default
Warning: Could not find mode: Default
Warning: Could not find mode: Default
Warning: Could not find mode: Default
Warning: Could not find mode: Default
Warning: Could not find mode: Default
Warning: Could not find mode: Default
Warning: Could not find mode: Default
Warning: Could not find mode: Default
Warning: Could not find mode: Default
Warning: Could not find mode: Default
Warning: Could not find mode: Default
Warning: Could not find mode: Default
Warning: Could not find mode: Default
Warning: Could not find mode: Default
Warning: Could not find mode: Default
Warning: Could not find mode: Default
Warning: Could not find mode: Default
Warning: Could not find mode: Default
Warning: Could not find mode: Default
Warning: Could not find mode: Default
Warning: Could not find mode: Default
Warning: Could not find mode: Default
Warning: Could not find mode: Default
Warning: Could not find mode: Default
Warning: Could not find mode: Default
Warning: Could not find mode: Default
Warning: Could not find mode: Default
Warning: Could not find mode: Default
Warning: Could not find mode: Default
Warning: Could not find mode: Default
Warning: Could not find mode: Default
Warning: Could not find mode: Default
Warning: Could not find mode: Default
Warning: Could not find mode: Default
Warning: Could not find mode: Default
Warning: Could not find mode: Default
Warning: Could not find mode: Default
Warning: Could not find mode: Default
Warning: Could not find mode: Default
Warning: Could not find mode: Default
Warning: Could not find mode: Default
Warning: Could not find mode: Default
Warning: Could not find mode: Default
Warning: Could not find mode: Default
Warning: Could not find mode: Default
Warning: Could not find mode: Default
Warning: Could not find mode: Default
Warning: Could not find mode: Default
Warning: Could not find mode: Default
Warning: Could not find mode: Default
Warning: Could not find mode: Default
Warning: Could not find mode: Default
Warning: Could not find mode: Default
Warning: Could not find mode: Default
Warning: Could not find mode: Default
Warning: Could not find mode: Default
Warning: Could not find mode: Default
Warning: Could not find mode: Default
Warning: Could not find mode: Default
Warning: Could not find mode: Default
Warning: Could not find mode: Default
Warning: Could not find mode: Default
Warning: Could not find mode: Default
Warning: Could not find mode: Default
Warning: Could not find mode: Default
Warning: Could not find mode: Default
Warning: Could not find mode: Default
Warning: Could not find mode: Default
Warning: Could not find mode: Default
Warning: Could not find mode: Default
Warning: Could not find mode: Default
Warning: Could not find mode: Default
Warning: Could not find mode: Default
Warning: Could not find mode: Default
Warning: Could not find mode: Default
Warning: Could not find mode: Default
Warning: Could not find mode: Default
Warning: Could not find mode: Default
Warning: Could not find mode: Default
Warning: Could not find mode: Default
Warning: Could not find mode: Default
Warning: Could not find mode: Default
Warning: Could not find mode: Default
Warning: Could not find mode: Default
Warning: Could not find mode: Default
Warning: Could not find mode: Default
Warning: Could not find mode: Default
Warning: Could not find mode: Default
Warning: Could not find mode: Default
Warning: Could not find mode: Default
Warning: Could not find mode: Default
Warning: Could not find mode: Default
Warning: Could not find mode: Default
Warning: Could not find mode: Default
Warning: Could not find mode: Default
Warning: Could not find mode: Default
Warning: Could not find mode: Default
Warning: Could not find mode: Default
Warning: Could not find mode: Default
Warning: Could not find mode: Default
Warning: Could not find mode: Default
Warning: Could not find mode: Default
Warning: Could not find mode: Default
Warning: Could not find mode: Default
Warning: Could not find mode: Default
Warning: Could not find mode: Default
Warning: Could not find mode: Default
Warning: Could not find mode: Default
Warning: Could not find mode: Default
Warning: Could not find mode: Default
Warning: Could not find mode: Default
Warning: Could not find mode: Default
Warning: Could not find mode: Default
Warning: Could not find mode: Default
Warning: Could not find mode: Default
Warning: Could not find mode: Default
Warning: Could not find mode: Default
Warning: Could not find mode: Default
Warning: Could not find mode: Default
Warning: Could not find mode: Default
Warning: Could not find mode: Default
Warning: Could not find mode: Default
Warning: Could not find mode: Default
Warning: Could not find mode: Default
Warning: Could not find mode: Default
Warning: Could not find mode: Default
Warning: Could not find mode: Default
Warning: Could not find mode: Default
Warning: Could not find mode: Default
Warning: Could not find mode: Default
Warning: Could not find mode: Default
Warning: Could not find mode: Default
Warning: Could not find mode: Default
Warning: Could not find mode: Default
Warning: Could not find mode: Default
Warning: Could not find mode: Default
Warning: Could not find mode: Default
Warning: Could not find mode: Default
Warning: Could not find mode: Default
Warning: Could not find mode: Default
Warning: Could not find mode: Default
Warning: Could not find mode: Default
Warning: Could not find mode: Default
Warning: Could not find mode: Default
Warning: Could not find mode: Default
Warning: Could not find mode: Default
Warning: Could not find mode: Default
Warning: Could not find mode: Default
Warning: Could not find mode: Default
Warning: Could not find mode: Default
Warning: Could not find mode: Default
Warning: Could not find mode: Default
Warning: Could not find mode: Default
Warning: Could not find mode: Default
Warning: Could not find mode: Default
Warning: Could not find mode: Default
Warning: Could not find mode: Default
Warning: Could not find mode: Default
Warning: Could not find mode: Default
Warning: Could not find mode: Default
Warning: Could not find mode: Default
Warning: Could not find mode: Default
Warning: Could not find mode: Default
Warning: Could not find mode: Default
Warning: Could not find mode: Default
Warning: Could not find mode: Default
Warning: Could not find mode: Default
Warning: Could not find mode: Default
Warning: Could not find mode: Default
Warning: Could not find mode: Default
Warning: Could not find mode: Default
Warning: Could not find mode: Default
Warning: Could not find mode: Default
Warning: Could not find mode: Default
Warning: Could not find mode: Default
Warning: Could not find mode: Default
Warning: Could not find mode: Default
Warning: Could not find mode: Default
Warning: Could not find mode: Default
Warning: Could not find mode: Default
Warning: Could not find mode: Default
Warning: Could not find mode: Default
Warning: Could not find mode: Default
Warning: Could not find mode: Default
Warning: Could not find mode: Default
Warning: Could not find mode: Default
Warning: Could not find mode: Default
Warning: Could not find mode: Default
Warning: Could not find mode: Default
Warning: Could not find mode: Default
Warning: Could not find mode: Default
Warning: Could not find mode: Default
Warning: Could not find mode: Default
Warning: Could not find mode: Default
Warning: Could not find mode: Default
Warning: Could not find mode: Default
Warning: Could not find mode: Default
Warning: Could not find mode: Default
Warning: Could not find mode: Default
Warning: Could not find mode: Default
Warning: Could not find mode: Default
Warning: Could not find mode: Default
Warning: Could not find mode: Default
Warning: Could not find mode: Default
Warning: Could not find mode: Default
Warning: Could not find mode: Default
Warning: Could not find mode: Default
Warning: Could not find mode: Default
Warning: Could not find mode: Default
Warning: Could not find mode: Default
Warning: Could not find mode: Default
Warning: Could not find mode: Default
Warning: Could not find mode: Default
Warning: Could not find mode: Default
Warning: Could not find mode: Default
Warning: Could not find mode: Default
Warning: Could not find mode: Default
Warning: Could not find mode: Default
Warning: Could not find mode: Default
Warning: Could not find mode: Default
Warning: Could not find mode: Default
Warning: Could not find mode: Default
Warning: Could not find mode: Default
Warning: Could not find mode: Default
Warning: Could not find mode: Default
Warning: Could not find mode: Default
Warning: Could not find mode: Default
Warning: Could not find mode: Default
Warning: Could not find mode: Default
Warning: Could not find mode: Default
Warning: Could not find mode: Default
Warning: Could not find mode: Default
Warning: Could not find mode: Default
Warning: Could not find mode: Default
Warning: Could not find mode: Default
Warning: Could not find mode: Default
Warning: Could not find mode: Default
Warning: Could not find mode: Default
Warning: Could not find mode: Default
Warning: Could not find mode: Default
Warning: Could not find mode: Default
Warning: Could not find mode: Default
Warning: Could not find mode: Default
Warning: Could not find mode: Default
Warning: Could not find mode: Default
Warning: Could not find mode: Default
Warning: Could not find mode: Default
Warning: Could not find mode: Default
Warning: Could not find mode: Default
Warning: Could not find mode: Default
Warning: Could not find mode: Default
Warning: Could not find mode: Default
Warning: Could not find mode: Default
Warning: Could not find mode: Default
Warning: Could not find mode: Default
Warning: Could not find mode: Default
Warning: Could not find mode: Default
Warning: Could not find mode: Default
Warning: Could not find mode: Default
Warning: Could not find mode: Default
Warning: Could not find mode: Default
Warning: Could not find mode: Default
Warning: Could not find mode: Default
Warning: Could not find mode: Default
Warning: Could not find mode: Default
Warning: Could not find mode: Default
Warning: Could not find mode: Default
Warning: Could not find mode: Default
Warning: Could not find mode: Default
Warning: Could not find mode: Default
Warning: Could not find mode: Default
Warning: Could not find mode: Default
Warning: Could not find mode: Default
Warning: Could not find mode: Default
Warning: Could not find mode: Default
Warning: Could not find mode: Default
Warning: Could not find mode: Default
Warning: Could not find mode: Default
Warning: Could not find mode: Default
Warning: Could not find mode: Default
Warning: Could not find mode: Default
Warning: Could not find mode: Default
Warning: Could not find mode: Default
Warning: Could not find mode: Default
Warning: Could not find mode: Default
Warning: Could not find mode: Default
Warning: Could not find mode: Default
Warning: Could not find mode: Default
Warning: Could not find mode: Default
Warning: Could not find mode: Default
Warning: Could not find mode: Default
Warning: Could not find mode: Default
Warning: Could not find mode: Default
Warning: Could not find mode: Default
Warning: Could not find mode: Default
Warning: Could not find mode: Default
Warning: Could not find mode: Default
Warning: Could not find mode: Default
Warning: Could not find mode: Default
Warning: Could not find mode: Default
Warning: Could not find mode: Default
Warning: Could not find mode: Default
Warning: Could not find mode: Default
Warning: Could not find mode: Default
Warning: Could not find mode: Default
Warning: Could not find mode: Default
Warning: Could not find mode: Default
Warning: Could not find mode: Default
Warning: Could not find mode: Default
Warning: Could not find mode: Default
Warning: Could not find mode: Default
Warning: Could not find mode: Default
Warning: Could not find mode: Default
Warning: Could not find mode: Default
Warning: Could not find mode: Default
Warning: Could not find mode: Default
Warning: Could not find mode: Default
Warning: Could not find mode: Default
Warning: Could not find mode: Default
Warning: Could not find mode: Default
Warning: Could not find mode: Default
Warning: Could not find mode: Default
Warning: Could not find mode: Default
Warning: Could not find mode: Default
Warning: Could not find mode: Default
Warning: Could not find mode: Default
Warning: Could not find mode: Default
Warning: Could not find mode: Default
Warning: Could not find mode: Default
Warning: Could not find mode: Default
Warning: Could not find mode: Default
Warning: Could not find mode: Default
Warning: Could not find mode: Default
Warning: Could not find mode: Default
Warning: Could not find mode: Default
Warning: Could not find mode: Default
Warning: Could not find mode: Default
Warning: Could not find mode: Default
Warning: Could not find mode: Default
Warning: Could not find mode: Default
Warning: Could not find mode: Default
Warning: Could not find mode: Default
Warning: Could not find mode: Default
Warning: Could not find mode: Default
Warning: Could not find mode: Default
Warning: Could not find mode: Default
Warning: Could not find mode: Default
Warning: Could not find mode: Default
Warning: Could not find mode: Default
Warning: Could not find mode: Default
Warning: Could not find mode: Default
Warning: Could not find mode: Default
Warning: Could not find mode: Default
Warning: Could not find mode: Default
Warning: Could not find mode: Default
Warning: Could not find mode: Default
Warning: Could not find mode: Default
Warning: Could not find mode: Default
Warning: Could not find mode: Default
Warning: Could not find mode: Default
Warning: Could not find mode: Default
Warning: Could not find mode: Default
Warning: Could not find mode: Default
Warning: Could not find mode: Default
Warning: Could not find mode: Default
Warning: Could not find mode: Default
Warning: Could not find mode: Default
Warning: Could not find mode: Default
Warning: Could not find mode: Default
Warning: Could not find mode: Default
Warning: Could not find mode: Default
Warning: Could not find mode: Default
Warning: Could not find mode: Default
Warning: Could not find mode: Default
Warning: Could not find mode: Default
Warning: Could not find mode: Default
Warning: Could not find mode: Default
Warning: Could not find mode: Default
Warning: Could not find mode: Default
Warning: Could not find mode: Default
Warning: Could not find mode: Default
Warning: Could not find mode: Default
Warning: Could not find mode: Default
Warning: Could not find mode: Default
Warning: Could not find mode: Default
Warning: Could not find mode: Default
Warning: Could not find mode: Default
Warning: Could not find mode: Default
Warning: Could not find mode: Default
Warning: Could not find mode: Default
Warning: Could not find mode: Default
Warning: Could not find mode: Default
Warning: Could not find mode: Default
Warning: Could not find mode: Default
Warning: Could not find mode: Default
Warning: Could not find mode: Default
Warning: Could not find mode: Default
Warning: Could not find mode: Default
Warning: Could not find mode: Default
Warning: Could not find mode: Default
Warning: Could not find mode: Default
Warning: Could not find mode: Default
Warning: Could not find mode: Default
Warning: Could not find mode: Default
Warning: Could not find mode: Default
Warning: Could not find mode: Default
Warning: Could not find mode: Default
Warning: Could not find mode: Default
Warning: Could not find mode: Default
Warning: Could not find mode: Default
Warning: Could not find mode: Default
Warning: Could not find mode: Default
Warning: Could not find mode: Default
Warning: Could not find mode: Default
Warning: Could not find mode: Default
Warning: Could not find mode: Default
Warning: Could not find mode: Default
Warning: Could not find mode: Default
Warning: Could not find mode: Default
Warning: Could not find mode: Default
Warning: Could not find mode: Default
Warning: Could not find mode: Default
Warning: Could not find mode: Default
Warning: Could not find mode: Default
Warning: Could not find mode: Default
Warning: Could not find mode: Default
Warning: Could not find mode: Default
Warning: Could not find mode: Default
Warning: Could not find mode: Default
Warning: Could not find mode: Default
Warning: Could not find mode: Default
Warning: Could not find mode: Default
Warning: Could not find mode: Default
Warning: Could not find mode: Default
Warning: Could not find mode: Default
Warning: Could not find mode: Default
Warning: Could not find mode: Default
Warning: Could not find mode: Default
Warning: Could not find mode: Default
Warning: Could not find mode: Default
Warning: Could not find mode: Default
Warning: Could not find mode: Default
Warning: Could not find mode: Default
Warning: Could not find mode: Default
Warning: Could not find mode: Default
Warning: Could not find mode: Default
Warning: Could not find mode: Default
Warning: Could not find mode: Default
Warning: Could not find mode: Default
Warning: Could not find mode: Default
Warning: Could not find mode: Default
Warning: Could not find mode: Default
Warning: Could not find mode: Default
Warning: Could not find mode: Default
Warning: Could not find mode: Default
Warning: Could not find mode: Default
Warning: Could not find mode: Default
Warning: Could not find mode: Default
Warning: Could not find mode: Default
Warning: Could not find mode: Default
Warning: Could not find mode: Default
Warning: Could not find mode: Default
Warning: Could not find mode: Default
Warning: Could not find mode: Default
Warning: Could not find mode: Default
Warning: Could not find mode: Default
Warning: Could not find mode: Default
Warning: Could not find mode: Default
Warning: Could not find mode: Default
Warning: Could not find mode: Default
Warning: Could not find mode: Default
Warning: Could not find mode: Default
Warning: Could not find mode: Default
Warning: Could not find mode: Default
Warning: Could not find mode: Default
Warning: Could not find mode: Default
Warning: Could not find mode: Default
Warning: Could not find mode: Default
Warning: Could not find mode: Default
Warning: Could not find mode: Default
Warning: Could not find mode: Default
Warning: Could not find mode: Default
Warning: Could not find mode: Default
Warning: Could not find mode: Default
Warning: Could not find mode: Default
Warning: Could not find mode: Default
Warning: Could not find mode: Default
Warning: Could not find mode: Default
Warning: Could not find mode: Default
Warning: Could not find mode: Default
Warning: Could not find mode: Default
Warning: Could not find mode: Default
Warning: Could not find mode: Default
Warning: Could not find mode: Default
Warning: Could not find mode: Default
Warning: Could not find mode: Default
Warning: Could not find mode: Default
Warning: Could not find mode: Default
Warning: Could not find mode: Default
Warning: Could not find mode: Default
Warning: Could not find mode: Default
Warning: Could not find mode: Default
Warning: Could not find mode: Default
Warning: Could not find mode: Default
Warning: Could not find mode: Default
Warning: Could not find mode: Default
Warning: Could not find mode: Default
Warning: Could not find mode: Default
Warning: Could not find mode: Default
Warning: Could not find mode: Default
Warning: Could not find mode: Default
Warning: Could not find mode: Default
Warning: Could not find mode: Default
Warning: Could not find mode: Default
Warning: Could not find mode: Default
Warning: Could not find mode: Default
Warning: Could not find mode: Default
Warning: Could not find mode: Default
Warning: Could not find mode: Default
Warning: Could not find mode: Default
Warning: Could not find mode: Default
Warning: Could not find mode: Default
Warning: Could not find mode: Default
Warning: Could not find mode: Default
Warning: Could not find mode: Default
Warning: Could not find mode: Default
Warning: Could not find mode: Default
Warning: Could not find mode: Default
Warning: Could not find mode: Default
Warning: Could not find mode: Default
Warning: Could not find mode: Default
Warning: Could not find mode: Default
Warning: Could not find mode: Default
Warning: Could not find mode: Default
Warning: Could not find mode: Default
Warning: Could not find mode: Default
Warning: Could not find mode: Default
Warning: Could not find mode: Default
Warning: Could not find mode: Default
Warning: Could not find mode: Default
Warning: Could not find mode: Default
Warning: Could not find mode: Default
Warning: Could not find mode: Default
Warning: Could not find mode: Default
Warning: Could not find mode: Default
Warning: Could not find mode: Default
Warning: Could not find mode: Default
Warning: Could not find mode: Default
Warning: Could not find mode: Default
Warning: Could not find mode: Default
Warning: Could not find mode: Default
Warning: Could not find mode: Default
Warning: Could not find mode: Default
Warning: Could not find mode: Default
Warning: Could not find mode: Default
Warning: Could not find mode: Default
Warning: Could not find mode: Default
Warning: Could not find mode: Default
Warning: Could not find mode: Default
Warning: Could not find mode: Default
Warning: Could not find mode: Default
Warning: Could not find mode: Default
Warning: Could not find mode: Default
Warning: Could not find mode: Default
Warning: Could not find mode: Default
Warning: Could not find mode: Default
Warning: Could not find mode: Default
Warning: Could not find mode: Default
Warning: Could not find mode: Default
Warning: Could not find mode: Default
Warning: Could not find mode: Default
Warning: Could not find mode: Default
Warning: Could not find mode: Default
Warning: Could not find mode: Default
Warning: Could not find mode: Default
Warning: Could not find mode: Default
Warning: Could not find mode: Default
Warning: Could not find mode: Default
Warning: Could not find mode: Default
Warning: Could not find mode: Default
Warning: Could not find mode: Default
Warning: Could not find mode: Default
Warning: Could not find mode: Default
Warning: Could not find mode: Default
Warning: Could not find mode: Default
Warning: Could not find mode: Default
Warning: Could not find mode: Default
Warning: Could not find mode: Default
Warning: Could not find mode: Default
Warning: Could not find mode: Default
Warning: Could not find mode: Default
Warning: Could not find mode: Default
Warning: Could not find mode: Default
Warning: Could not find mode: Default
Warning: Could not find mode: Default
Warning: Could not find mode: Default
Warning: Could not find mode: Default
Warning: Could not find mode: Default
Warning: Could not find mode: Default
Warning: Could not find mode: Default
Warning: Could not find mode: Default
Warning: Could not find mode: Default
Warning: Could not find mode: Default
Warning: Could not find mode: Default
Warning: Could not find mode: Default
Warning: Could not find mode: Default
Warning: Could not find mode: Default
Warning: Could not find mode: Default
Warning: Could not find mode: Default
Warning: Could not find mode: Default
Warning: Could not find mode: Default
Warning: Could not find mode: Default
Warning: Could not find mode: Default
Warning: Could not find mode: Default
Warning: Could not find mode: Default
Warning: Could not find mode: Default
Warning: Could not find mode: Default
Warning: Could not find mode: Default
Warning: Could not find mode: Default
Warning: Could not find mode: Default
Warning: Could not find mode: Default
Warning: Could not find mode: Default
Warning: Could not find mode: Default
Warning: Could not find mode: Default
Warning: Could not find mode: Default
Warning: Could not find mode: Default
Warning: Could not find mode: Default
Warning: Could not find mode: Default
Warning: Could not find mode: Default
Warning: Could not find mode: Default
Warning: Could not find mode: Default
Warning: Could not find mode: Default
Warning: Could not find mode: Default
Warning: Could not find mode: Default
Warning: Could not find mode: Default
Warning: Could not find mode: Default
Warning: Could not find mode: Default
Warning: Could not find mode: Default
Warning: Could not find mode: Default
Warning: Could not find mode: Default
Warning: Could not find mode: Default
Warning: Could not find mode: Default
Warning: Could not find mode: Default
Warning: Could not find mode: Default
Warning: Could not find mode: Default
Warning: Could not find mode: Default
Warning: Could not find mode: Default
Warning: Could not find mode: Default
Warning: Could not find mode: Default
Warning: Could not find mode: Default
Warning: Could not find mode: Default
Warning: Could not find mode: Default
Warning: Could not find mode: Default
Warning: Could not find mode: Default
Warning: Could not find mode: Default
Warning: Could not find mode: Default
Warning: Could not find mode: Default
Warning: Could not find mode: Default
Warning: Could not find mode: Default
Warning: Could not find mode: Default
Warning: Could not find mode: Default
Warning: Could not find mode: Default
Warning: Could not find mode: Default
Warning: Could not find mode: Default
Warning: Could not find mode: Default
Warning: Could not find mode: Default
Warning: Could not find mode: Default
Warning: Could not find mode: Default
Warning: Could not find mode: Default
Warning: Could not find mode: Default
Warning: Could not find mode: Default
Warning: Could not find mode: Default
Warning: Could not find mode: Default
Warning: Could not find mode: Default
Warning: Could not find mode: Default
Warning: Could not find mode: Default
Warning: Could not find mode: Default
Warning: Could not find mode: Default
Warning: Could not find mode: Default
Warning: Could not find mode: Default
Warning: Could not find mode: Default
Warning: Could not find mode: Default
Warning: Could not find mode: Default
Warning: Could not find mode: Default
Warning: Could not find mode: Default
Warning: Could not find mode: Default
Warning: Could not find mode: Default
Warning: Could not find mode: Default
Warning: Could not find mode: Default
Warning: Could not find mode: Default
Warning: Could not find mode: Default
Warning: Could not find mode: Default
Warning: Could not find mode: Default
Warning: Could not find mode: Default
Warning: Could not find mode: Default
Warning: Could not find mode: Default
Warning: Could not find mode: Default
Warning: Could not find mode: Default
Warning: Could not find mode: Default
Warning: Could not find mode: Default
Warning: Could not find mode: Default
Warning: Could not find mode: Default
Warning: Could not find mode: Default
Warning: Could not find mode: Default
Warning: Could not find mode: Default
Warning: Could not find mode: Default
Warning: Could not find mode: Default
Warning: Could not find mode: Default
Warning: Could not find mode: Default
Warning: Could not find mode: Default
Warning: Could not find mode: Default
Warning: Could not find mode: Default
Warning: Could not find mode: Default
Warning: Could not find mode: Default
Warning: Could not find mode: Default
Warning: Could not find mode: Default
Warning: Could not find mode: Default
Warning: Could not find mode: Default
Warning: Could not find mode: Default
Warning: Could not find mode: Default
Warning: Could not find mode: Default
Warning: Could not find mode: Default
Warning: Could not find mode: Default
Warning: Could not find mode: Default
Warning: Could not find mode: Default
Warning: Could not find mode: Default
Warning: Could not find mode: Default
Warning: Could not find mode: Default
Warning: Could not find mode: Default
Warning: Could not find mode: Default
Warning: Could not find mode: Default
Warning: Could not find mode: Default
Warning: Could not find mode: Default
Warning: Could not find mode: Default
Warning: Could not find mode: Default
Warning: Could not find mode: Default
Warning: Could not find mode: Default
Warning: Could not find mode: Default
Warning: Could not find mode: Default
Warning: Could not find mode: Default
Warning: Could not find mode: Default
Warning: Could not find mode: Default
Warning: Could not find mode: Default
Warning: Could not find mode: Default
Warning: Could not find mode: Default
Warning: Could not find mode: Default
Warning: Could not find mode: Default
Warning: Could not find mode: Default
Warning: Could not find mode: Default
Warning: Could not find mode: Default
Warning: Could not find mode: Default
Warning: Could not find mode: Default
Warning: Could not find mode: Default
Warning: Could not find mode: Default
Warning: Could not find mode: Default
Warning: Could not find mode: Default
Warning: Could not find mode: Default
Warning: Could not find mode: Default
Warning: Could not find mode: Default
Warning: Could not find mode: Default
Warning: Could not find mode: Default
Warning: Could not find mode: Default
Warning: Could not find mode: Default
Warning: Could not find mode: Default
Warning: Could not find mode: Default
Warning: Could not find mode: Default
Warning: Could not find mode: Default
Warning: Could not find mode: Default
Warning: Could not find mode: Default
Warning: Could not find mode: Default
Warning: Could not find mode: Default
Warning: Could not find mode: Default
Warning: Could not find mode: Default
Warning: Could not find mode: Default
Warning: Could not find mode: Default
Warning: Could not find mode: Default
Warning: Could not find mode: Default
Warning: Could not find mode: Default
Warning: Could not find mode: Default
Warning: Could not find mode: Default
Warning: Could not find mode: Default
Warning: Could not find mode: Default
Warning: Could not find mode: Default
Warning: Could not find mode: Default
Warning: Could not find mode: Default
Warning: Could not find mode: Default
Warning: Could not find mode: Default
Warning: Could not find mode: Default
Warning: Could not find mode: Default
Warning: Could not find mode: Default
Warning: Could not find mode: Default
Warning: Could not find mode: Default
Warning: Could not find mode: Default
Warning: Could not find mode: Default
Warning: Could not find mode: Default
Warning: Could not find mode: Default
Warning: Could not find mode: Default
Warning: Could not find mode: Default
Warning: Could not find mode: Default
Warning: Could not find mode: Default
Warning: Could not find mode: Default
Warning: Could not find mode: Default
Warning: Could not find mode: Default
Warning: Could not find mode: Default
Warning: Could not find mode: Default
Warning: Could not find mode: Default
Warning: Could not find mode: Default
Warning: Could not find mode: Default
Warning: Could not find mode: Default
Warning: Could not find mode: Default
Warning: Could not find mode: Default
Warning: Could not find mode: Default
Warning: Could not find mode: Default
Warning: Could not find mode: Default
Warning: Could not find mode: Default
Warning: Could not find mode: Default
Warning: Could not find mode: Default
Warning: Could not find mode: Default
Warning: Could not find mode: Default
Warning: Could not find mode: Default
Warning: Could not find mode: Default
Warning: Could not find mode: Default
Warning: Could not find mode: Default
Warning: Could not find mode: Default
Warning: Could not find mode: Default
Warning: Could not find mode: Default
Warning: Could not find mode: Default
Warning: Could not find mode: Default
Warning: Could not find mode: Default
Warning: Could not find mode: Default
Warning: Could not find mode: Default
Warning: Could not find mode: Default
Warning: Could not find mode: Default
Warning: Could not find mode: Default
Warning: Could not find mode: Default
Warning: Could not find mode: Default
Warning: Could not find mode: Default
Warning: Could not find mode: Default
Warning: Could not find mode: Default
Warning: Could not find mode: Default
Warning: Could not find mode: Default
Warning: Could not find mode: Default
Warning: Could not find mode: Default
Warning: Could not find mode: Default
Warning: Could not find mode: Default
Warning: Could not find mode: Default
Warning: Could not find mode: Default
Warning: Could not find mode: Default
Warning: Could not find mode: Default
Warning: Could not find mode: Default
Warning: Could not find mode: Default
Warning: Could not find mode: Default
Warning: Could not find mode: Default
Warning: Could not find mode: Default
Warning: Could not find mode: Default
Warning: Could not find mode: Default
Warning: Could not find mode: Default
Warning: Could not find mode: Default
Warning: Could not find mode: Default
Warning: Could not find mode: Default
Warning: Could not find mode: Default
Warning: Could not find mode: Default
Warning: Could not find mode: Default
Warning: Could not find mode: Default
Warning: Could not find mode: Default
Warning: Could not find mode: Default
Warning: Could not find mode: Default
Warning: Could not find mode: Default
Warning: Could not find mode: Default
Warning: Could not find mode: Default
Warning: Could not find mode: Default
Warning: Could not find mode: Default
Warning: Could not find mode: Default
Warning: Could not find mode: Default
Warning: Could not find mode: Default
Warning: Could not find mode: Default
Warning: Could not find mode: Default
Warning: Could not find mode: Default
Warning: Could not find mode: Default
Warning: Could not find mode: Default
Warning: Could not find mode: Default
Warning: Could not find mode: Default
Warning: Could not find mode: Default
Warning: Could not find mode: Default
Warning: Could not find mode: Default
Warning: Could not find mode: Default
Warning: Could not find mode: Default
Warning: Could not find mode: Default
Warning: Could not find mode: Default
Warning: Could not find mode: Default
Warning: Could not find mode: Default
Warning: Could not find mode: Default
Warning: Could not find mode: Default
Warning: Could not find mode: Default
Warning: Could not find mode: Default
Warning: Could not find mode: Default
Warning: Could not find mode: Default
Warning: Could not find mode: Default
Warning: Could not find mode: Default
Warning: Could not find mode: Default
Warning: Could not find mode: Default
Warning: Could not find mode: Default
Warning: Could not find mode: Default
Warning: Could not find mode: Default
Warning: Could not find mode: Default
Warning: Could not find mode: Default
Warning: Could not find mode: Default
Warning: Could not find mode: Default
Warning: Could not find mode: Default
Warning: Could not find mode: Default
Warning: Could not find mode: Default
Warning: Could not find mode: Default
Warning: Could not find mode: Default
Warning: Could not find mode: Default
Warning: Could not find mode: Default
Warning: Could not find mode: Default
Warning: Could not find mode: Default
Warning: Could not find mode: Default
Warning: Could not find mode: Default
Warning: Could not find mode: Default
Warning: Could not find mode: Default
Warning: Could not find mode: Default
Warning: Could not find mode: Default
Warning: Could not find mode: Default
Warning: Could not find mode: Default
Warning: Could not find mode: Default
Warning: Could not find mode: Default
Warning: Could not find mode: Default
Warning: Could not find mode: Default
Warning: Could not find mode: Default
Warning: Could not find mode: Default
Warning: Could not find mode: Default
Warning: Could not find mode: Default
Warning: Could not find mode: Default
Warning: Could not find mode: Default
Warning: Could not find mode: Default
Warning: Could not find mode: Default
Warning: Could not find mode: Default
Warning: Could not find mode: Default
Warning: Could not find mode: Default
Warning: Could not find mode: Default
Warning: Could not find mode: Default
Warning: Could not find mode: Default
Warning: Could not find mode: Default
Warning: Could not find mode: Default
Warning: Could not find mode: Default
Warning: Could not find mode: Default
Warning: Could not find mode: Default
Warning: Could not find mode: Default
Warning: Could not find mode: Default
Warning: Could not find mode: Default
Warning: Could not find mode: Default
Warning: Could not find mode: Default
Warning: Could not find mode: Default
Warning: Could not find mode: Default
Warning: Could not find mode: Default
Warning: Could not find mode: Default
Warning: Could not find mode: Default
Warning: Could not find mode: Default
Warning: Could not find mode: Default
Warning: Could not find mode: Default
Warning: Could not find mode: Default
Warning: Could not find mode: Default
Warning: Could not find mode: Default
Warning: Could not find mode: Default
Warning: Could not find mode: Default
Warning: Could not find mode: Default
Warning: Could not find mode: Default
Warning: Could not find mode: Default
Warning: Could not find mode: Default
Warning: Could not find mode: Default
Warning: Could not find mode: Default
Warning: Could not find mode: Default
Warning: Could not find mode: Default
Warning: Could not find mode: Default
Warning: Could not find mode: Default
Warning: Could not find mode: Default
Warning: Could not find mode: Default
Warning: Could not find mode: Default
Warning: Could not find mode: Default
Warning: Could not find mode: Default
Warning: Could not find mode: Default
Warning: Could not find mode: Default
Warning: Could not find mode: Default
Warning: Could not find mode: Default
Warning: Could not find mode: Default
Warning: Could not find mode: Default
Warning: Could not find mode: Default
Warning: Could not find mode: Default
Warning: Could not find mode: Default
Warning: Could not find mode: Default
Warning: Could not find mode: Default
Warning: Could not find mode: Default
Warning: Could not find mode: Default
Warning: Could not find mode: Default
Warning: Could not find mode: Default
Warning: Could not find mode: Default
Warning: Could not find mode: Default
Warning: Could not find mode: Default
Warning: Could not find mode: Default
Warning: Could not find mode: Default
Warning: Could not find mode: Default
Warning: Could not find mode: Default
Warning: Could not find mode: Default
Warning: Could not find mode: Default
Warning: Could not find mode: Default
Warning: Could not find mode: Default
Warning: Could not find mode: Default
Warning: Could not find mode: Default
Warning: Could not find mode: Default
Warning: Could not find mode: Default
Warning: Could not find mode: Default
Warning: Could not find mode: Default
Warning: Could not find mode: Default
Warning: Could not find mode: Default
Warning: Could not find mode: Default
Warning: Could not find mode: Default
Warning: Could not find mode: Default
Warning: Could not find mode: Default
Warning: Could not find mode: Default
Warning: Could not find mode: Default
Warning: Could not find mode: Default
Warning: Could not find mode: Default
Warning: Could not find mode: Default
Warning: Could not find mode: Default
Warning: Could not find mode: Default
Warning: Could not find mode: Default
Warning: Could not find mode: Default
Warning: Could not find mode: Default
Warning: Could not find mode: Default
Warning: Could not find mode: Default
Warning: Could not find mode: Default
Warning: Could not find mode: Default
Warning: Could not find mode: Default
Warning: Could not find mode: Default
Warning: Could not find mode: Default
Warning: Could not find mode: Default
Warning: Could not find mode: Default
Warning: Could not find mode: Default
Warning: Could not find mode: Default
Warning: Could not find mode: Default
Warning: Could not find mode: Default
Warning: Could not find mode: Default
Warning: Could not find mode: Default
Warning: Could not find mode: Default
Warning: Could not find mode: Default
Warning: Could not find mode: Default
Warning: Could not find mode: Default
Warning: Could not find mode: Default
Warning: Could not find mode: Default
Warning: Could not find mode: Default
Warning: Could not find mode: Default
Warning: Could not find mode: Default
Warning: Could not find mode: Default
Warning: Could not find mode: Default
Warning: Could not find mode: Default
Warning: Could not find mode: Default
Warning: Could not find mode: Default
Warning: Could not find mode: Default
Warning: Could not find mode: Default
Warning: Could not find mode: Default
Warning: Could not find mode: Default
Warning: Could not find mode: Default
Warning: Could not find mode: Default
Warning: Could not find mode: Default
Warning: Could not find mode: Default
Warning: Could not find mode: Default
Warning: Could not find mode: Default
Warning: Could not find mode: Default
Warning: Could not find mode: Default
Warning: Could not find mode: Default
Warning: Could not find mode: Default
Warning: Could not find mode: Default
Warning: Could not find mode: Default
Warning: Could not find mode: Default
Warning: Could not find mode: Default
Warning: Could not find mode: Default
Warning: Could not find mode: Default
Warning: Could not find mode: Default
Warning: Could not find mode: Default
Warning: Could not find mode: Default
Warning: Could not find mode: Default
Warning: Could not find mode: Default
Warning: Could not find mode: Default
Warning: Could not find mode: Default
Warning: Could not find mode: Default
Warning: Could not find mode: Default
Warning: Could not find mode: Default
Warning: Could not find mode: Default
Warning: Could not find mode: Default
Warning: Could not find mode: Default
Warning: Could not find mode: Default
Warning: Could not find mode: Default
Warning: Could not find mode: Default
Warning: Could not find mode: Default
Warning: Could not find mode: Default
Warning: Could not find mode: Default
Warning: Could not find mode: Default
Warning: Could not find mode: Default
Warning: Could not find mode: Default
Warning: Could not find mode: Default
Warning: Could not find mode: Default
Warning: Could not find mode: Default
Warning: Could not find mode: Default
Warning: Could not find mode: Default
Warning: Could not find mode: Default
Warning: Could not find mode: Default
Warning: Could not find mode: Default
Warning: Could not find mode: Default
Warning: Could not find mode: Default
Warning: Could not find mode: Default
Warning: Could not find mode: Default
Warning: Could not find mode: Default
Warning: Could not find mode: Default
Warning: Could not find mode: Default
Warning: Could not find mode: Default
Warning: Could not find mode: Default
Warning: Could not find mode: Default
Warning: Could not find mode: Default
Warning: Could not find mode: Default
Warning: Could not find mode: Default
Warning: Could not find mode: Default
Warning: Could not find mode: Default
Warning: Could not find mode: Default
Warning: Could not find mode: Default
Warning: Could not find mode: Default
Warning: Could not find mode: Default
Warning: Could not find mode: Default
Warning: Could not find mode: Default
Warning: Could not find mode: Default
Warning: Could not find mode: Default
Warning: Could not find mode: Default
Warning: Could not find mode: Default
Warning: Could not find mode: Default
Warning: Could not find mode: Default
Warning: Could not find mode: Default
Warning: Could not find mode: Default
Warning: Could not find mode: Default
Warning: Could not find mode: Default
Warning: Could not find mode: Default
Warning: Could not find mode: Default
Warning: Could not find mode: Default
Warning: Could not find mode: Default
Warning: Could not find mode: Default
Warning: Could not find mode: Default
Warning: Could not find mode: Default
Warning: Could not find mode: Default
Warning: Could not find mode: Default
Warning: Could not find mode: Default
Warning: Could not find mode: Default
Warning: Could not find mode: Default
Warning: Could not find mode: Default
Warning: Could not find mode: Default
Warning: Could not find mode: Default
Warning: Could not find mode: Default
Warning: Could not find mode: Default
Warning: Could not find mode: Default
Warning: Could not find mode: Default
Warning: Could not find mode: Default
Warning: Could not find mode: Default
Warning: Could not find mode: Default
Warning: Could not find mode: Default
Warning: Could not find mode: Default
Warning: Could not find mode: Default
Warning: Could not find mode: Default
Warning: Could not find mode: Default
Warning: Could not find mode: Default
Warning: Could not find mode: Default
Warning: Could not find mode: Default
Warning: Could not find mode: Default
Warning: Could not find mode: Default
Warning: Could not find mode: Default
Warning: Could not find mode: Default
Warning: Could not find mode: Default
Warning: Could not find mode: Default
Warning: Could not find mode: Default
Warning: Could not find mode: Default
Warning: Could not find mode: Default
Warning: Could not find mode: Default
Warning: Could not find mode: Default
Warning: Could not find mode: Default
Warning: Could not find mode: Default
Warning: Could not find mode: Default
Warning: Could not find mode: Default
Warning: Could not find mode: Default
Warning: Could not find mode: Default
Warning: Could not find mode: Default
Warning: Could not find mode: Default
Warning: Could not find mode: Default
Warning: Could not find mode: Default
Warning: Could not find mode: Default
Warning: Could not find mode: Default
Warning: Could not find mode: Default
Warning: Could not find mode: Default
Warning: Could not find mode: Default
Warning: Could not find mode: Default
Warning: Could not find mode: Default
Warning: Could not find mode: Default
Warning: Could not find mode: Default
Warning: Could not find mode: Default
Warning: Could not find mode: Default
Warning: Could not find mode: Default
Warning: Could not find mode: Default
Warning: Could not find mode: Default
Warning: Could not find mode: Default
Warning: Could not find mode: Default
Warning: Could not find mode: Default
Warning: Could not find mode: Default
Warning: Could not find mode: Default
Warning: Could not find mode: Default
Warning: Could not find mode: Default
Warning: Could not find mode: Default
Warning: Could not find mode: Default
Warning: Could not find mode: Default
Warning: Could not find mode: Default
Warning: Could not find mode: Default
Warning: Could not find mode: Default
Warning: Could not find mode: Default
Warning: Could not find mode: Default
Warning: Could not find mode: Default
Warning: Could not find mode: Default
Warning: Could not find mode: Default
Warning: Could not find mode: Default
Warning: Could not find mode: Default
Warning: Could not find mode: Default
Warning: Could not find mode: Default
Warning: Could not find mode: Default
Warning: Could not find mode: Default
Warning: Could not find mode: Default
Warning: Could not find mode: Default
Warning: Could not find mode: Default
Warning: Could not find mode: Default
Warning: Could not find mode: Default
Warning: Could not find mode: Default
Warning: Could not find mode: Default
Warning: Could not find mode: Default
Warning: Could not find mode: Default
Warning: Could not find mode: Default
Warning: Could not find mode: Default
Warning: Could not find mode: Default
Warning: Could not find mode: Default
Warning: Could not find mode: Default
Warning: Could not find mode: Default
Warning: Could not find mode: Default
Warning: Could not find mode: Default
Warning: Could not find mode: Default
Warning: Could not find mode: Default
Warning: Could not find mode: Default
Warning: Could not find mode: Default
Warning: Could not find mode: Default
Warning: Could not find mode: Default
Warning: Could not find mode: Default
Warning: Could not find mode: Default
Warning: Could not find mode: Default
Warning: Could not find mode: Default
Warning: Could not find mode: Default
Warning: Could not find mode: Default
Warning: Could not find mode: Default
Warning: Could not find mode: Default
Warning: Could not find mode: Default
Warning: Could not find mode: Default
Warning: Could not find mode: Default
Warning: Could not find mode: Default
Warning: Could not find mode: Default
Warning: Could not find mode: Default
Warning: Could not find mode: Default
Warning: Could not find mode: Default
Warning: Could not find mode: Default
Warning: Could not find mode: Default
Warning: Could not find mode: Default
Warning: Could not find mode: Default
Warning: Could not find mode: Default
Warning: Could not find mode: Default
Warning: Could not find mode: Default
Warning: Could not find mode: Default
Warning: Could not find mode: Default
Warning: Could not find mode: Default
Warning: Could not find mode: Default
Warning: Could not find mode: Default
Warning: Could not find mode: Default
Warning: Could not find mode: Default
Warning: Could not find mode: Default
Warning: Could not find mode: Default
Warning: Could not find mode: Default
Warning: Could not find mode: Default
Warning: Could not find mode: Default
Warning: Could not find mode: Default
Warning: Could not find mode: Default
Warning: Could not find mode: Default
Warning: Could not find mode: Default
Warning: Could not find mode: Default
Warning: Could not find mode: Default
Warning: Could not find mode: Default
Warning: Could not find mode: Default
Warning: Could not find mode: Default
Warning: Could not find mode: Default
Warning: Could not find mode: Default
Warning: Could not find mode: Default
Warning: Could not find mode: Default
Warning: Could not find mode: Default
Warning: Could not find mode: Default
Warning: Could not find mode: Default
Warning: Could not find mode: Default
Warning: Could not find mode: Default
Warning: Could not find mode: Default
Warning: Could not find mode: Default
Warning: Could not find mode: Default
Warning: Could not find mode: Default
Warning: Could not find mode: Default
Warning: Could not find mode: Default
Warning: Could not find mode: Default
Warning: Could not find mode: Default
Warning: Could not find mode: Default
Warning: Could not find mode: Default
Warning: Could not find mode: Default
Warning: Could not find mode: Default
Warning: Could not find mode: Default
Warning: Could not find mode: Default
Warning: Could not find mode: Default
Warning: Could not find mode: Default
Warning: Could not find mode: Default
Warning: Could not find mode: Default
Warning: Could not find mode: Default
Warning: Could not find mode: Default
Warning: Could not find mode: Default
Warning: Could not find mode: Default
Warning: Could not find mode: Default
Warning: Could not find mode: Default
Warning: Could not find mode: Default
Warning: Could not find mode: Default
Warning: Could not find mode: Default
Warning: Could not find mode: Default
Warning: Could not find mode: Default
Warning: Could not find mode: Default
Warning: Could not find mode: Default
Warning: Could not find mode: Default
Warning: Could not find mode: Default
Warning: Could not find mode: Default
Warning: Could not find mode: Default
Warning: Could not find mode: Default
Warning: Could not find mode: Default
Warning: Could not find mode: Default
Warning: Could not find mode: Default
Warning: Could not find mode: Default
Warning: Could not find mode: Default
Warning: Could not find mode: Default
Warning: Could not find mode: Default
Warning: Could not find mode: Default
Warning: Could not find mode: Default
Warning: Could not find mode: Default
Warning: Could not find mode: Default
Warning: Could not find mode: Default
Warning: Could not find mode: Default
Warning: Could not find mode: Default
Warning: Could not find mode: Default
Warning: Could not find mode: Default
Warning: Could not find mode: Default
Warning: Could not find mode: Default
Warning: Could not find mode: Default
Warning: Could not find mode: Default
Warning: Could not find mode: Default
Warning: Could not find mode: Default
Warning: Could not find mode: Default
Warning: Could not find mode: Default
Warning: Could not find mode: Default
Warning: Could not find mode: Default
Warning: Could not find mode: Default
Warning: Could not find mode: Default
Warning: Could not find mode: Default
Warning: Could not find mode: Default
Warning: Could not find mode: Default
Warning: Could not find mode: Default
Warning: Could not find mode: Default
Warning: Could not find mode: Default
Warning: Could not find mode: Default
Warning: Could not find mode: Default
Warning: Could not find mode: Default
Warning: Could not find mode: Default
Warning: Could not find mode: Default
Warning: Could not find mode: Default
Warning: Could not find mode: Default
Warning: Could not find mode: Default
Warning: Could not find mode: Default
Warning: Could not find mode: Default
Warning: Could not find mode: Default
Warning: Could not find mode: Default
Warning: Could not find mode: Default
Warning: Could not find mode: Default
Warning: Could not find mode: Default
Warning: Could not find mode: Default
Warning: Could not find mode: Default
Warning: Could not find mode: Default
Warning: Could not find mode: Default
Warning: Could not find mode: Default
Warning: Could not find mode: Default
Warning: Could not find mode: Default
Warning: Could not find mode: Default
Warning: Could not find mode: Default
Warning: Could not find mode: Default
Warning: Could not find mode: Default
Warning: Could not find mode: Default
Warning: Could not find mode: Default
Warning: Could not find mode: Default
Warning: Could not find mode: Default
Warning: Could not find mode: Default
Warning: Could not find mode: Default
Warning: Could not find mode: Default
Warning: Could not find mode: Default
Warning: Could not find mode: Default
Warning: Could not find mode: Default
Warning: Could not find mode: Default
Warning: Could not find mode: Default
Warning: Could not find mode: Default
Warning: Could not find mode: Default
Warning: Could not find mode: Default
Warning: Could not find mode: Default
Warning: Could not find mode: Default
Warning: Could not find mode: Default
Warning: Could not find mode: Default
Warning: Could not find mode: Default
Warning: Could not find mode: Default
Warning: Could not find mode: Default
Warning: Could not find mode: Default
Warning: Could not find mode: Default
Warning: Could not find mode: Default
Warning: Could not find mode: Default
Warning: Could not find mode: Default
Warning: Could not find mode: Default
Warning: Could not find mode: Default
Warning: Could not find mode: Default
Warning: Could not find mode: Default
Warning: Could not find mode: Default
Warning: Could not find mode: Default
Warning: Could not find mode: Default
Warning: Could not find mode: Default
Warning: Could not find mode: Default
Warning: Could not find mode: Default
Warning: Could not find mode: Default
Warning: Could not find mode: Default
Warning: Could not find mode: Default
Warning: Could not find mode: Default
Warning: Could not find mode: Default
Warning: Could not find mode: Default
Warning: Could not find mode: Default
Warning: Could not find mode: Default
Warning: Could not find mode: Default
Warning: Could not find mode: Default
Warning: Could not find mode: Default
Warning: Could not find mode: Default
Warning: Could not find mode: Default
Warning: Could not find mode: Default
Warning: Could not find mode: Default
Warning: Could not find mode: Default
Warning: Could not find mode: Default
Warning: Could not find mode: Default
Warning: Could not find mode: Default
Warning: Could not find mode: Default
Warning: Could not find mode: Default
Warning: Could not find mode: Default
Warning: Could not find mode: Default
Warning: Could not find mode: Default
Warning: Could not find mode: Default
Warning: Could not find mode: Default
Warning: Could not find mode: Default
Warning: Could not find mode: Default
Warning: Could not find mode: Default
Warning: Could not find mode: Default
Warning: Could not find mode: Default
Warning: Could not find mode: Default
Warning: Could not find mode: Default
Warning: Could not find mode: Default
Warning: Could not find mode: Default
Warning: Could not find mode: Default
Warning: Could not find mode: Default
Warning: Could not find mode: Default
Warning: Could not find mode: Default
Warning: Could not find mode: Default
Warning: Could not find mode: Default
Warning: Could not find mode: Default
Warning: Could not find mode: Default
Warning: Could not find mode: Default
Warning: Could not find mode: Default
Warning: Could not find mode: Default
Warning: Could not find mode: Default
Warning: Could not find mode: Default
Warning: Could not find mode: Default
Warning: Could not find mode: Default
Warning: Could not find mode: Default
Warning: Could not find mode: Default
Warning: Could not find mode: Default
Warning: Could not find mode: Default
Warning: Could not find mode: Default
Warning: Could not find mode: Default
Warning: Could not find mode: Default
Warning: Could not find mode: Default
Warning: Could not find mode: Default
Warning: Could not find mode: Default
Warning: Could not find mode: Default
Warning: Could not find mode: Default
Warning: Could not find mode: Default
Warning: Could not find mode: Default
Warning: Could not find mode: Default
Warning: Could not find mode: Default
Warning: Could not find mode: Default
Warning: Could not find mode: Default
Warning: Could not find mode: Default
Warning: Could not find mode: Default
Warning: Could not find mode: Default
Warning: Could not find mode: Default
Warning: Could not find mode: Default
Warning: Could not find mode: Default
Warning: Could not find mode: Default
Warning: Could not find mode: Default
Warning: Could not find mode: Default
Warning: Could not find mode: Default
Warning: Could not find mode: Default
Warning: Could not find mode: Default
Warning: Could not find mode: Default
Warning: Could not find mode: Default
Warning: Could not find mode: Default
Warning: Could not find mode: Default
Warning: Could not find mode: Default
Warning: Could not find mode: Default
Warning: Could not find mode: Default
Warning: Could not find mode: Default
Warning: Could not find mode: Default
Warning: Could not find mode: Default
Warning: Could not find mode: Default
Warning: Could not find mode: Default
Warning: Could not find mode: Default
Warning: Could not find mode: Default
Warning: Could not find mode: Default
Warning: Could not find mode: Default
Warning: Could not find mode: Default
Warning: Could not find mode: Default
Warning: Could not find mode: Default
Warning: Could not find mode: Default
Warning: Could not find mode: Default
Warning: Could not find mode: Default
Warning: Could not find mode: Default
Warning: Could not find mode: Default
Warning: Could not find mode: Default
Warning: Could not find mode: Default
Warning: Could not find mode: Default
Warning: Could not find mode: Default
Warning: Could not find mode: Default
Warning: Could not find mode: Default
Warning: Could not find mode: Default
Warning: Could not find mode: Default
Warning: Could not find mode: Default
Warning: Could not find mode: Default
Warning: Could not find mode: Default
Warning: Could not find mode: Default
Warning: Could not find mode: Default
Warning: Could not find mode: Default
Warning: Could not find mode: Default
Warning: Could not find mode: Default
Warning: Could not find mode: Default
Warning: Could not find mode: Default
Warning: Could not find mode: Default
Warning: Could not find mode: Default
Warning: Could not find mode: Default
Warning: Could not find mode: Default
Warning: Could not find mode: Default
Warning: Could not find mode: Default
Warning: Could not find mode: Default
Warning: Could not find mode: Default
Warning: Could not find mode: Default
Warning: Could not find mode: Default
Warning: Could not find mode: Default
Warning: Could not find mode: Default
Warning: Could not find mode: Default
Warning: Could not find mode: Default
Warning: Could not find mode: Default
Warning: Could not find mode: Default
Warning: Could not find mode: Default
Warning: Could not find mode: Default
Warning: Could not find mode: Default
Warning: Could not find mode: Default
Warning: Could not find mode: Default
Warning: Could not find mode: Default
Warning: Could not find mode: Default
Warning: Could not find mode: Default
Warning: Could not find mode: Default
Warning: Could not find mode: Default
Warning: Could not find mode: Default
Warning: Could not find mode: Default
Warning: Could not find mode: Default
Warning: Could not find mode: Default
Warning: Could not find mode: Default
Warning: Could not find mode: Default
Warning: Could not find mode: Default
Warning: Could not find mode: Default
Warning: Could not find mode: Default
Warning: Could not find mode: Default
Warning: Could not find mode: Default
Warning: Could not find mode: Default
Warning: Could not find mode: Default
Warning: Could not find mode: Default
Warning: Could not find mode: Default
Warning: Could not find mode: Default
Warning: Could not find mode: Default
Warning: Could not find mode: Default
Warning: Could not find mode: Default
Warning: Could not find mode: Default
Warning: Could not find mode: Default
Warning: Could not find mode: Default
Warning: Could not find mode: Default
Warning: Could not find mode: Default
Warning: Could not find mode: Default
Warning: Could not find mode: Default
Warning: Could not find mode: Default
Warning: Could not find mode: Default
Warning: Could not find mode: Default
Warning: Could not find mode: Default
Warning: Could not find mode: Default
Warning: Could not find mode: Default
Warning: Could not find mode: Default
Warning: Could not find mode: Default
Warning: Could not find mode: Default
Warning: Could not find mode: Default
Warning: Could not find mode: Default
Warning: Could not find mode: Default
Warning: Could not find mode: Default
Warning: Could not find mode: Default
Warning: Could not find mode: Default
Warning: Could not find mode: Default
Warning: Could not find mode: Default
Warning: Could not find mode: Default
Warning: Could not find mode: Default
Warning: Could not find mode: Default
Warning: Could not find mode: Default
Warning: Could not find mode: Default
Warning: Could not find mode: Default
Warning: Could not find mode: Default
Warning: Could not find mode: Default
Warning: Could not find mode: Default
Warning: Could not find mode: Default
Warning: Could not find mode: Default
Warning: Could not find mode: Default
Warning: Could not find mode: Default
Warning: Could not find mode: Default
Warning: Could not find mode: Default
Warning: Could not find mode: Default
Warning: Could not find mode: Default
Warning: Could not find mode: Default
Warning: Could not find mode: Default
Warning: Could not find mode: Default
Warning: Could not find mode: Default
Warning: Could not find mode: Default
Warning: Could not find mode: Default
Warning: Could not find mode: Default
Warning: Could not find mode: Default
Warning: Could not find mode: Default
Warning: Could not find mode: Default
Warning: Could not find mode: Default
Warning: Could not find mode: Default
Warning: Could not find mode: Default
Warning: Could not find mode: Default
Warning: Could not find mode: Default
Warning: Could not find mode: Default
Warning: Could not find mode: Default
Warning: Could not find mode: Default
Warning: Could not find mode: Default
Warning: Could not find mode: Default
Warning: Could not find mode: Default
Warning: Could not find mode: Default
Warning: Could not find mode: Default
Warning: Could not find mode: Default
Warning: Could not find mode: Default
Warning: Could not find mode: Default
Warning: Could not find mode: Default
Warning: Could not find mode: Default
Warning: Could not find mode: Default
Warning: Could not find mode: Default
Warning: Could not find mode: Default
Warning: Could not find mode: Default
Warning: Could not find mode: Default
Warning: Could not find mode: Def